<!DOCTYPE html PUBLIC "-//W3C//DTD XHTML 1.1//EN" "https://www.w3.org/TR/xhtml11/DTD/xhtml11.dtd">
<html xmlns="https://www.w3.org/1999/xhtml">
<head>
<meta http-equiv="content-type" content="text/html; charset=UTF-8"/>
<title>TestNG Report</title>
<style type="text/css">table {margin-bottom:10px;border-collapse:collapse;empty-cells:show}th,td {border:1px solid #009;padding:.25em .5em}th {vertical-align:bottom}td {vertical-align:top}table a {font-weight:bold}.stripe td {background-color: #E6EBF9}.num {text-align:right}.passedodd td {background-color: #3F3}.passedeven td {background-color: #0A0}.skippedodd td {background-color: #DDD}.skippedeven td {background-color: #CCC}.failedodd td,.attn {background-color: #F33}.failedeven td,.stripe .attn {background-color: #D00}.stacktrace {white-space:pre;font-family:monospace}.totop {font-size:85%;text-align:center;border-bottom:2px solid #000}.invisible {display:none}</style>
</head>
<body>
<table>
<tr><th>Test</th><th># Passed</th><th># Skipped</th><th># Retried</th><th># Failed</th><th>Time (ms)</th><th>Included Groups</th><th>Excluded Groups</th></tr>
<tr><th colspan="8">Suite</th></tr>
<tr><td><a href="#t0">Test</a></td><td class="num">9</td><td class="num">0</td><td class="num">0</td><td class="num attn">2</td><td class="num">118,337</td><td></td><td></td></tr>
</table>
<table id='summary'><thead><tr><th>Class</th><th>Method</th><th>Start</th><th>Time (ms)</th></tr></thead><tbody><tr><th colspan="4">Suite</th></tr></tbody><tbody id="t0"><tr><th colspan="4">Test &#8212; failed (configuration methods)</th></tr><tr class="failedeven"><td rowspan="1">com.bigsmall.testCases.SearchProductTC</td><td><a href="#m0">tearDown</a></td><td rowspan="1">1637869671475</td><td rowspan="1">1</td></tr><tr><th colspan="4">Test &#8212; failed</th></tr><tr class="failedeven"><td rowspan="1">com.bigsmall.testCases.CheckoutAutomation</td><td><a href="#m1">checkoutAutomation</a></td><td rowspan="1">1637869656315</td><td rowspan="1">32</td></tr><tr class="failedodd"><td rowspan="1">com.bigsmall.testCases.ClickLogoTC</td><td><a href="#m2">HomePage</a></td><td rowspan="1">1637869656552</td><td rowspan="1">13003</td></tr><tr><th colspan="4">Test &#8212; passed</th></tr><tr class="passedeven"><td rowspan="1">com.bigsmall.testCases.AddToWishlist</td><td><a href="#m3">addToWishlist</a></td><td rowspan="1">1637869639086</td><td rowspan="1">17012</td></tr><tr class="passedodd"><td rowspan="2">com.bigsmall.testCases.CODAvailablityTC</td><td><a href="#m4">pinCodeValidation</a></td><td rowspan="2">1637869600750</td><td rowspan="2">11323</td></tr><tr class="passedodd"><td><a href="#m5">pinCodeValidation</a></td></tr><tr class="passedeven"><td rowspan="1">com.bigsmall.testCases.CorporateGiftsValidation</td><td><a href="#m6">corporateGifts</a></td><td rowspan="1">1637869630020</td><td rowspan="1">8732</td></tr><tr class="passedodd"><td rowspan="1">com.bigsmall.testCases.GiftCardAutomation</td><td><a href="#m7">HomePage</a></td><td rowspan="1">1637869622987</td><td rowspan="1">6563</td></tr><tr class="passedeven"><td rowspan="1">com.bigsmall.testCases.HoverHeader</td><td><a href="#m8">hoverHeader</a></td><td rowspan="1">1637869569398</td><td rowspan="1">9970</td></tr><tr class="passedodd"><td rowspan="1">com.bigsmall.testCases.QtyIncrement</td><td><a href="#m9">qtyIncrement</a></td><td rowspan="1">1637869589492</td><td rowspan="1">10862</td></tr><tr class="passedeven"><td rowspan="1">com.bigsmall.testCases.SearchProductTC</td><td><a href="#m10">searchProduct</a></td><td rowspan="1">1637869557756</td><td rowspan="1">10749</td></tr><tr class="passedodd"><td rowspan="1">com.bigsmall.testCases.SigninTC</td><td><a href="#m11">signIn</a></td><td rowspan="1">1637869579828</td><td rowspan="1">9520</td></tr></tbody>
</table>
<h2>Test</h2><h3 id="m0">com.bigsmall.testCases.SearchProductTC#tearDown</h3><table class="result"><tr><th>Exception</th></tr><tr><td><div class="stacktrace">org.openqa.selenium.NoSuchSessionException: Session ID is null. Using WebDriver after calling quit()?
Build info: version: &apos;3.141.59&apos;, revision: &apos;e82be7d358&apos;, time: &apos;2018-11-14T08:17:03&apos;
System info: host: &apos;MT-5CD127785H&apos;, ip: &apos;192.168.1.6&apos;, os.name: &apos;Windows 10&apos;, os.arch: &apos;amd64&apos;, os.version: &apos;10.0&apos;, java.version: &apos;11.0.11&apos;
Driver info: driver.version: RemoteWebDriver
	at org.openqa.selenium.remote.HttpCommandExecutor.execute(HttpCommandExecutor.java:125)
	at org.openqa.selenium.remote.service.DriverCommandExecutor.execute(DriverCommandExecutor.java:83)
	at org.openqa.selenium.remote.RemoteWebDriver.execute(RemoteWebDriver.java:552)
	at org.openqa.selenium.remote.RemoteWebDriver.execute(RemoteWebDriver.java:609)
	at org.openqa.selenium.remote.RemoteWebDriver.close(RemoteWebDriver.java:442)
	at com.bigsmall.utility.BaseClass.tearDown(BaseClass.java:54)
... Removed 24 stack frames</div></td></tr></table><p class="totop"><a href="#summary">back to summary</a></p>
<h3 id="m1">com.bigsmall.testCases.CheckoutAutomation#checkoutAutomation</h3><table class="result"><tr><th>Exception</th></tr><tr><td><div class="stacktrace">org.testng.internal.reflect.MethodMatcherException: 
[public void com.bigsmall.testCases.CheckoutAutomation.checkoutAutomation(java.lang.String,java.lang.String,java.lang.String,java.lang.String,java.lang.String,java.lang.String,java.lang.String,int,java.lang.String,java.lang.String) throws java.lang.InterruptedException] has no parameters defined but was found to be using a data provider (either explicitly specified or inherited from class level annotation).
Data provider mismatch
Method: checkoutAutomation([Parameter{index=0, type=java.lang.String, declaredAnnotations=[]}, Parameter{index=1, type=java.lang.String, declaredAnnotations=[]}, Parameter{index=2, type=java.lang.String, declaredAnnotations=[]}, Parameter{index=3, type=java.lang.String, declaredAnnotations=[]}, Parameter{index=4, type=java.lang.String, declaredAnnotations=[]}, Parameter{index=5, type=java.lang.String, declaredAnnotations=[]}, Parameter{index=6, type=java.lang.String, declaredAnnotations=[]}, Parameter{index=7, type=int, declaredAnnotations=[]}, Parameter{index=8, type=java.lang.String, declaredAnnotations=[]}, Parameter{index=9, type=java.lang.String, declaredAnnotations=[]}])
Arguments: [(java.lang.String) Harry,(java.lang.String) shri12nil@gmail.com,(java.lang.String) Shriyash,(java.lang.String) Nilawar,(java.lang.String) Shaitan gali,(java.lang.String) Khatra mahal,(java.lang.String) California Gramin,(java.lang.String) 22.0,(java.lang.String) 445001.0,(java.lang.String) 9.561165559E9]
	at java.base/java.util.ArrayList.forEach(ArrayList.java:1541)
... Removed 23 stack frames</div></td></tr></table><p class="totop"><a href="#summary">back to summary</a></p>
<h3 id="m2">com.bigsmall.testCases.ClickLogoTC#HomePage</h3><table class="result"><tr><th>Exception</th></tr><tr><td><div class="stacktrace">org.openqa.selenium.ElementNotInteractableException: element not interactable
  (Session info: MicrosoftEdge=96.0.1054.34)
Build info: version: &apos;3.141.59&apos;, revision: &apos;e82be7d358&apos;, time: &apos;2018-11-14T08:17:03&apos;
System info: host: &apos;MT-5CD127785H&apos;, ip: &apos;192.168.1.6&apos;, os.name: &apos;Windows 10&apos;, os.arch: &apos;amd64&apos;, os.version: &apos;10.0&apos;, java.version: &apos;11.0.11&apos;
Driver info: org.openqa.selenium.edge.EdgeDriver
Capabilities {acceptInsecureCerts: false, browserName: msedge, browserVersion: 96.0.1054.34, javascriptEnabled: true, ms:edgeOptions: {debuggerAddress: localhost:60573}, msedge: {msedgedriverVersion: 96.0.1054.29 (246a8e9ebf93f..., userDataDir: C:\Users\M1073173\AppData\L...}, networkConnectionEnabled: false, pageLoadStrategy: normal, platform: WINDOWS, platformName: WINDOWS, proxy: Proxy(), setWindowRect: true, strictFileInteractability: false, timeouts: {implicit: 0, pageLoad: 300000, script: 30000}, unhandledPromptBehavior: dismiss and notify, webauthn:extension:credBlob: true, webauthn:extension:largeBlob: true, webauthn:virtualAuthenticators: true}
Session ID: 8c3eab89bba22610c8b730812b0f65d5
	at org.openqa.selenium.remote.http.W3CHttpResponseCodec.createException(W3CHttpResponseCodec.java:187)
	at org.openqa.selenium.remote.http.W3CHttpResponseCodec.decode(W3CHttpResponseCodec.java:122)
	at org.openqa.selenium.remote.http.W3CHttpResponseCodec.decode(W3CHttpResponseCodec.java:49)
	at org.openqa.selenium.remote.HttpCommandExecutor.execute(HttpCommandExecutor.java:158)
	at org.openqa.selenium.remote.service.DriverCommandExecutor.execute(DriverCommandExecutor.java:83)
	at org.openqa.selenium.remote.RemoteWebDriver.execute(RemoteWebDriver.java:552)
	at org.openqa.selenium.remote.RemoteWebElement.execute(RemoteWebElement.java:285)
	at org.openqa.selenium.remote.RemoteWebElement.click(RemoteWebElement.java:84)
	at com.bigsmall.testCases.ClickLogoTC.HomePage(ClickLogoTC.java:37)
	at java.base/java.util.ArrayList.forEach(ArrayList.java:1541)
... Removed 32 stack frames</div></td></tr></table><p class="totop"><a href="#summary">back to summary</a></p>
<h3 id="m3">com.bigsmall.testCases.AddToWishlist#addToWishlist</h3><table class="result"><tr><th class="invisible"/></tr></table><p class="totop"><a href="#summary">back to summary</a></p>
<h3 id="m4">com.bigsmall.testCases.CODAvailablityTC#pinCodeValidation</h3><table class="result"><tr class="param"><th>Parameter #1</th></tr><tr class="param stripe"><td>411021.0</td></tr></table><p class="totop"><a href="#summary">back to summary</a></p>
<h3 id="m5">com.bigsmall.testCases.CODAvailablityTC#pinCodeValidation</h3><table class="result"><tr class="param"><th>Parameter #1</th></tr><tr class="param stripe"><td>1234.0</td></tr></table><p class="totop"><a href="#summary">back to summary</a></p>
<h3 id="m6">com.bigsmall.testCases.CorporateGiftsValidation#corporateGifts</h3><table class="result"><tr class="param"><th>Parameter #1</th><th>Parameter #2</th><th>Parameter #3</th><th>Parameter #4</th></tr><tr class="param stripe"><td>Shriyash</td><td>shri12nil@gmail.com</td><td>9.561165559E9</td><td>This is an excel read enquiry</td></tr></table><p class="totop"><a href="#summary">back to summary</a></p>
<h3 id="m7">com.bigsmall.testCases.GiftCardAutomation#HomePage</h3><table class="result"><tr><th class="invisible"/></tr></table><p class="totop"><a href="#summary">back to summary</a></p>
<h3 id="m8">com.bigsmall.testCases.HoverHeader#hoverHeader</h3><table class="result"><tr><th class="invisible"/></tr></table><p class="totop"><a href="#summary">back to summary</a></p>
<h3 id="m9">com.bigsmall.testCases.QtyIncrement#qtyIncrement</h3><table class="result"><tr><th class="invisible"/></tr></table><p class="totop"><a href="#summary">back to summary</a></p>
<h3 id="m10">com.bigsmall.testCases.SearchProductTC#searchProduct</h3><table class="result"><tr class="param"><th>Parameter #1</th></tr><tr class="param stripe"><td>pocket wa</td></tr></table><p class="totop"><a href="#summary">back to summary</a></p>
<h3 id="m11">com.bigsmall.testCases.SigninTC#signIn</h3><table class="result"><tr class="param"><th>Parameter #1</th><th>Parameter #2</th></tr><tr class="param stripe"><td>shri12nil@gmail.com</td><td>123456.0</td></tr></table><p class="totop"><a href="#summary">back to summary</a></p>
</body>
</html>
